E:\CHENGXU-VS\PROJET-C++-MATRICES-A.L\PROJET-C++-MATRICES-A.L\RELEASE\MAIN.OBJ
E:\CHENGXU-VS\PROJET-C++-MATRICES-A.L\PROJET-C++-MATRICES-A.L\RELEASE\CEXCEPTION.OBJ
E:\CHENGXU-VS\PROJET-C++-MATRICES-A.L\PROJET-C++-MATRICES-A.L\RELEASE\VC110.PDB
E:\CHENGXU-VS\PROJET-C++-MATRICES-A.L\RELEASE\PROJET-C++-MATRICES-A.L.EXE
E:\CHENGXU-VS\PROJET-C++-MATRICES-A.L\RELEASE\PROJET-C++-MATRICES-A.L.PDB
E:\CHENGXU-VS\Projet-C++-Matrices-A.L\Projet-C++-Matrices-A.L\Release\Cexception.obj
E:\CHENGXU-VS\Projet-C++-Matrices-A.L\Projet-C++-Matrices-A.L\Release\main.obj
E:\CHENGXU-VS\Projet-C++-Matrices-A.L\Projet-C++-Matrices-A.L\Release\cl.command.1.tlog
E:\CHENGXU-VS\Projet-C++-Matrices-A.L\Projet-C++-Matrices-A.L\Release\CL.read.1.tlog
E:\CHENGXU-VS\Projet-C++-Matrices-A.L\Projet-C++-Matrices-A.L\Release\CL.write.1.tlog
E:\CHENGXU-VS\Projet-C++-Matrices-A.L\Projet-C++-Matrices-A.L\Release\link-cvtres.read.1.tlog
E:\CHENGXU-VS\Projet-C++-Matrices-A.L\Projet-C++-Matrices-A.L\Release\link-cvtres.write.1.tlog
E:\CHENGXU-VS\Projet-C++-Matrices-A.L\Projet-C++-Matrices-A.L\Release\link-rc.read.1.tlog
E:\CHENGXU-VS\Projet-C++-Matrices-A.L\Projet-C++-Matrices-A.L\Release\link-rc.write.1.tlog
E:\CHENGXU-VS\Projet-C++-Matrices-A.L\Projet-C++-Matrices-A.L\Release\link.command.1.tlog
E:\CHENGXU-VS\Projet-C++-Matrices-A.L\Projet-C++-Matrices-A.L\Release\link.read.1.tlog
E:\CHENGXU-VS\Projet-C++-Matrices-A.L\Projet-C++-Matrices-A.L\Release\link.read.2.tlog
E:\CHENGXU-VS\Projet-C++-Matrices-A.L\Projet-C++-Matrices-A.L\Release\link.write.1.tlog
E:\CHENGXU-VS\Projet-C++-Matrices-A.L\Projet-C++-Matrices-A.L\Release\vc110.pdb
E:\CHENGXU-VS\Projet-C++-Matrices-A.L\Release\Projet-C++-Matrices-A.L.pdb
E:\CHENGXU-VS\Projet-C++-Matrices-A.L\Release\Projet-C++-Matrices-A.L.exe
